Running: fuse.exe -relaunch -intstyle "ise" -incremental -lib "unisims_ver" -lib "unimacro_ver" -lib "xilinxcorelib_ver" -o "C:/Users/nimer/Documents/GitHub/MIPS16/FPGA/CPU_Test_isim_beh.exe" -prj "C:/Users/nimer/Documents/GitHub/MIPS16/FPGA/CPU_Test_beh.prj" "work.CPU_Test" "work.glbl" 
ISim P.20131013 (signature 0x8ef4fb42)
Number of CPUs detected in this system: 1
Turning on mult-threading, number of parallel sub-compilation jobs: 0 
Determining compilation order of HDL files
Analyzing Verilog file "C:/Users/nimer/Documents/GitHub/MIPS16/FPGA/RegisterFile.v" into library work
Analyzing Verilog file "C:/Users/nimer/Documents/GitHub/MIPS16/FPGA/InstructionMemory.v" into library work
Analyzing Verilog file "C:/Users/nimer/Documents/GitHub/MIPS16/FPGA/Flags.v" into library work
Analyzing Verilog file "C:/Users/nimer/Documents/GitHub/MIPS16/FPGA/DataMemory.v" into library work
Analyzing Verilog file "C:/Users/nimer/Documents/GitHub/MIPS16/FPGA/ControlUnit.v" into library work
Analyzing Verilog file "C:/Users/nimer/Documents/GitHub/MIPS16/FPGA/ALU.v" into library work
Analyzing Verilog file "C:/Users/nimer/Documents/GitHub/MIPS16/FPGA/CPU.v" into library work
Analyzing Verilog file "C:/Users/nimer/Documents/GitHub/MIPS16/FPGA/CPU_Test.v" into library work
Analyzing Verilog file "C:/Xilinx/14.7/ISE_DS/ISE//verilog/src/glbl.v" into library work
Starting static elaboration
Completed static elaboration
Fuse Memory Usage: 102956 KB
Fuse CPU Usage: 233 ms
Compiling module InstructionMemory
Compiling module ControlUnit
Compiling module RegisterFile
Compiling module ALU
Compiling module DataMemory
Compiling module Flags
Compiling module CPU
Compiling module CPU_Test
Compiling module glbl
Time Resolution for simulation is 1ps.
Compiled 9 Verilog Units
Built simulation executable C:/Users/nimer/Documents/GitHub/MIPS16/FPGA/CPU_Test_isim_beh.exe
Fuse Memory Usage: 106520 KB
Fuse CPU Usage: 248 ms
